/*C5*/SET SCHEMA PUBLIC
DISCONNECT
/*C6*/SET SCHEMA PUBLIC
create table Producto (numero integer not null, descripcion varchar(50), primary key (numero))
create table Categoria (oid varchar(32) not null, descripcion varchar(50), primary key (oid))
INSERT INTO CATEGORIA VALUES('4028e41c99dedb3f0199dedf985e0000','Software')
COMMIT
alter table Producto add column categoria_oid varchar(32)
alter table Producto add constraint FKc81rcy0vfdn5ewnap5scabhd3 foreign key (categoria_oid) references Categoria
alter table Cliente add column codigoPostal integer
alter table Cliente add column municipio varchar(20)
alter table Cliente add column provincia varchar(30)
alter table Cliente add column viaPublica varchar(30)
create table Factura (oid varchar(32) not null, anyo integer, fecha date, numero integer, observaciones varchar(255), primary key (oid))
alter table Factura add column cliente_numero integer not null
alter table Factura add constraint FKmd10sg74xw8mq3d2m9k2kxual foreign key (cliente_numero) references Cliente
INSERT INTO CLIENTE VALUES(1,'Caleb',123,'Pichincha','Pichincha','Charles Darwin')
COMMIT
create table Factura_detalles (Factura_oid varchar(32) not null, cantidad integer not null, producto_numero integer)
alter table Factura_detalles add constraint FKe3f314u9v7uw8aktwkjo8473t foreign key (producto_numero) references Producto
alter table Factura_detalles add constraint FKpl16p1cpo7r84s75asx5db9nq foreign key (Factura_oid) references Factura
